<?xml version="1.0" encoding="UTF-8"?>
<testng-results skipped="0" failed="0" ignored="0" total="1" passed="1">
  <reporter-output>
  </reporter-output>
  <suite name="SeleniumFramework" duration-ms="28740" started-at="2020-07-12T12:02:31Z" finished-at="2020-07-12T12:02:59Z">
    <groups>
    </groups>
    <test name="Automation" duration-ms="28740" started-at="2020-07-12T12:02:31Z" finished-at="2020-07-12T12:02:59Z">
      <class name="com.automation.testcase.TC_Login_Test_001">
        <test-method status="PASS" signature="setup(java.lang.String)[pri:0, instance:com.automation.testcase.TC_Login_Test_001@16293aa2]" name="setup" is-config="true" duration-ms="4125" started-at="2020-07-12T12:02:31Z" finished-at="2020-07-12T12:02:35Z">
          <params>
            <param index="0">
              <value>
                <![CDATA[chrome]]>
              </value>
            </param>
          </params>
          <reporter-output>
          </reporter-output>
        </test-method> <!-- setup -->
        <test-method status="PASS" signature="loginTest()[pri:0, instance:com.automation.testcase.TC_Login_Test_001@16293aa2]" name="loginTest" duration-ms="24527" started-at="2020-07-12T12:02:35Z" finished-at="2020-07-12T12:02:59Z">
          <reporter-output>
          </reporter-output>
        </test-method> <!-- loginTest -->
        <test-method status="PASS" signature="tearDown()[pri:0, instance:com.automation.testcase.TC_Login_Test_001@16293aa2]" name="tearDown" is-config="true" duration-ms="65" started-at="2020-07-12T12:02:59Z" finished-at="2020-07-12T12:02:59Z">
          <reporter-output>
          </reporter-output>
        </test-method> <!-- tearDown -->
      </class> <!-- com.automation.testcase.TC_Login_Test_001 -->
    </test> <!-- Automation -->
  </suite> <!-- SeleniumFramework -->
</testng-results>
